Release 14.6 - xst P.68d (nt64)
Copyright (c) 1995-2013 Xilinx, Inc.  All rights reserved.
--> Parameter TMPDIR set to xst/projnav.tmp


Total REAL time to Xst completion: 0.00 secs
Total CPU time to Xst completion: 0.08 secs
 
--> Parameter xsthdpdir set to xst


Total REAL time to Xst completion: 0.00 secs
Total CPU time to Xst completion: 0.08 secs
 
--> Reading design: Topmodule.prj

TABLE OF CONTENTS
  1) Synthesis Options Summary
  2) HDL Compilation
  3) Design Hierarchy Analysis
  4) HDL Analysis
  5) HDL Synthesis
     5.1) HDL Synthesis Report
  6) Advanced HDL Synthesis
     6.1) Advanced HDL Synthesis Report
  7) Low Level Synthesis
  8) Partition Report
  9) Final Report
	9.1) Device utilization summary
	9.2) Partition Resource Summary
	9.3) TIMING REPORT


=========================================================================
*                      Synthesis Options Summary                        *
=========================================================================
---- Source Parameters
Input File Name                    : "Topmodule.prj"
Input Format                       : mixed
Ignore Synthesis Constraint File   : NO

---- Target Parameters
Output File Name                   : "Topmodule"
Output Format                      : NGC
Target Device                      : xc3s250e-4-tq144

---- Source Options
Top Module Name                    : Topmodule
Automatic FSM Extraction           : YES
FSM Encoding Algorithm             : Auto
Safe Implementation                : No
FSM Style                          : LUT
RAM Extraction                     : Yes
RAM Style                          : Auto
ROM Extraction                     : Yes
Mux Style                          : Auto
Decoder Extraction                 : YES
Priority Encoder Extraction        : Yes
Shift Register Extraction          : YES
Logical Shifter Extraction         : YES
XOR Collapsing                     : YES
ROM Style                          : Auto
Mux Extraction                     : Yes
Resource Sharing                   : YES
Asynchronous To Synchronous        : NO
Multiplier Style                   : Auto
Automatic Register Balancing       : No

---- Target Options
Add IO Buffers                     : YES
Global Maximum Fanout              : 500
Add Generic Clock Buffer(BUFG)     : 24
Register Duplication               : YES
Slice Packing                      : YES
Optimize Instantiated Primitives   : NO
Use Clock Enable                   : Yes
Use Synchronous Set                : Yes
Use Synchronous Reset              : Yes
Pack IO Registers into IOBs        : Auto
Equivalent register Removal        : YES

---- General Options
Optimization Goal                  : Speed
Optimization Effort                : 1
Keep Hierarchy                     : No
Netlist Hierarchy                  : As_Optimized
RTL Output                         : Yes
Global Optimization                : AllClockNets
Read Cores                         : YES
Write Timing Constraints           : NO
Cross Clock Analysis               : NO
Hierarchy Separator                : /
Bus Delimiter                      : <>
Case Specifier                     : Maintain
Slice Utilization Ratio            : 100
BRAM Utilization Ratio             : 100
Verilog 2001                       : YES
Auto BRAM Packing                  : NO
Slice Utilization Ratio Delta      : 5

=========================================================================


=========================================================================
*                          HDL Compilation                              *
=========================================================================
Compiling verilog file "MUX.v" in library work
Compiling verilog file "Lab5_4/BCDCNT.v" in library work
Module <MUX> compiled
Compiling verilog file "DEK24.v" in library work
Module <BCDCNT> compiled
Compiling verilog file "controller_7_Seg.v" in library work
Module <DEK_2_4> compiled
Compiling verilog file "cnt3.v" in library work
Module <controller_7_Seg> compiled
Compiling verilog file "Topmodule.v" in library work
Module <cnt3> compiled
Module <Topmodule> compiled
No errors in compilation
Analysis of file <"Topmodule.prj"> succeeded.
 

=========================================================================
*                     Design Hierarchy Analysis                         *
=========================================================================
Analyzing hierarchy for module <Topmodule> in library <work>.

Analyzing hierarchy for module <cnt3> in library <work>.

Analyzing hierarchy for module <DEK_2_4> in library <work>.

Analyzing hierarchy for module <controller_7_Seg> in library <work>.

Analyzing hierarchy for module <BCDCNT> in library <work>.

Analyzing hierarchy for module <MUX> in library <work>.


=========================================================================
*                            HDL Analysis                               *
=========================================================================
Analyzing top module <Topmodule>.
Module <Topmodule> is correct for synthesis.
 
Analyzing module <cnt3> in library <work>.
Module <cnt3> is correct for synthesis.
 
Analyzing module <DEK_2_4> in library <work>.
Module <DEK_2_4> is correct for synthesis.
 
Analyzing module <controller_7_Seg> in library <work>.
Module <controller_7_Seg> is correct for synthesis.
 
Analyzing module <BCDCNT> in library <work>.
Module <BCDCNT> is correct for synthesis.
 
Analyzing module <MUX> in library <work>.
Module <MUX> is correct for synthesis.
 

=========================================================================
*                           HDL Synthesis                               *
=========================================================================

Performing bidirectional port resolution...

Synthesizing Unit <cnt3>.
    Related source file is "cnt3.v".
    Found 2-bit up counter for signal <q>.
    Summary:
	inferred   1 Counter(s).
Unit <cnt3> synthesized.


Synthesizing Unit <DEK_2_4>.
    Related source file is "DEK24.v".
    Found 1-of-4 decoder for signal <dig>.
    Summary:
	inferred   1 Decoder(s).
Unit <DEK_2_4> synthesized.


Synthesizing Unit <controller_7_Seg>.
    Related source file is "controller_7_Seg.v".
    Found 16x8-bit ROM for signal <out>.
    Summary:
	inferred   1 ROM(s).
Unit <controller_7_Seg> synthesized.


Synthesizing Unit <BCDCNT>.
    Related source file is "Lab5_4/BCDCNT.v".
    Found 4-bit up counter for signal <q>.
    Found 4-bit comparator greater for signal <ill>.
    Summary:
	inferred   1 Counter(s).
	inferred   1 Comparator(s).
Unit <BCDCNT> synthesized.


Synthesizing Unit <MUX>.
    Related source file is "MUX.v".
    Found 4-bit 4-to-1 multiplexer for signal <out>.
    Summary:
	inferred   4 Multiplexer(s).
Unit <MUX> synthesized.


Synthesizing Unit <Topmodule>.
    Related source file is "Topmodule.v".
WARNING:Xst:647 - Input <bt<0>> is never used. This port will be preserved and left unconnected if it belongs to a top-level block or it belongs to a sub-block and the hierarchy of this sub-block is preserved.
WARNING:Xst:646 - Signal <tc4> is assigned but never used. This unconnected signal will be trimmed during the optimization process.
WARNING:Xst:646 - Signal <tc3> is assigned but never used. This unconnected signal will be trimmed during the optimization process.
WARNING:Xst:646 - Signal <tc2> is assigned but never used. This unconnected signal will be trimmed during the optimization process.
WARNING:Xst:646 - Signal <tc1> is assigned but never used. This unconnected signal will be trimmed during the optimization process.
WARNING:Xst:1780 - Signal <negout> is never used or assigned. This unconnected signal will be trimmed during the optimization process.
Unit <Topmodule> synthesized.


=========================================================================
HDL Synthesis Report

Macro Statistics
# ROMs                                                 : 1
 16x8-bit ROM                                          : 1
# Counters                                             : 5
 2-bit up counter                                      : 1
 4-bit up counter                                      : 4
# Comparators                                          : 4
 4-bit comparator greater                              : 4
# Multiplexers                                         : 1
 4-bit 4-to-1 multiplexer                              : 1
# Decoders                                             : 1
 1-of-4 decoder                                        : 1

=========================================================================

=========================================================================
*                       Advanced HDL Synthesis                          *
=========================================================================


=========================================================================
Advanced HDL Synthesis Report

Macro Statistics
# ROMs                                                 : 1
 16x8-bit ROM                                          : 1
# Counters                                             : 5
 2-bit up counter                                      : 1
 4-bit up counter                                      : 4
# Comparators                                          : 4
 4-bit comparator greater                              : 4
# Multiplexers                                         : 1
 4-bit 4-to-1 multiplexer                              : 1
# Decoders                                             : 1
 1-of-4 decoder                                        : 1

=========================================================================

=========================================================================
*                         Low Level Synthesis                           *
=========================================================================
WARNING:Xst:1989 - Unit <Topmodule>: instances <einerBCD>, <zehnerBCD> of unit <BCDCNT> are equivalent, second instance is removed
WARNING:Xst:1989 - Unit <Topmodule>: instances <einerBCD>, <hunderterBCD> of unit <BCDCNT> are equivalent, second instance is removed
WARNING:Xst:1989 - Unit <Topmodule>: instances <einerBCD>, <tausenderBCD> of unit <BCDCNT> are equivalent, second instance is removed

Optimizing unit <Topmodule> ...

Mapping all equations...
Building and optimizing final netlist ...
Found area constraint ratio of 100 (+ 5) on block Topmodule, actual ratio is 0.

Final Macro Processing ...

=========================================================================
Final Register Report

Macro Statistics
# Registers                                            : 6
 Flip-Flops                                            : 6

=========================================================================

=========================================================================
*                           Partition Report                            *
=========================================================================

Partition Implementation Status
-------------------------------

  No Partitions were found in this design.

-------------------------------

=========================================================================
*                            Final Report                               *
=========================================================================
Final Results
RTL Top Level Output File Name     : Topmodule.ngr
Top Level Output File Name         : Topmodule
Output Format                      : NGC
Optimization Goal                  : Speed
Keep Hierarchy                     : No

Design Statistics
# IOs                              : 16

Cell Usage :
# BELS                             : 14
#      INV                         : 2
#      LUT2                        : 6
#      LUT3                        : 1
#      LUT3_L                      : 1
#      LUT4                        : 3
#      VCC                         : 1
# FlipFlops/Latches                : 6
#      FDR                         : 2
#      FDRE                        : 4
# Clock Buffers                    : 1
#      BUFGP                       : 1
# IO Buffers                       : 14
#      IBUF                        : 2
#      OBUF                        : 12
=========================================================================

Device utilization summary:
---------------------------

Selected Device : 3s250etq144-4 

 Number of Slices:                        6  out of   2448     0%  
 Number of Slice Flip Flops:              6  out of   4896     0%  
 Number of 4 input LUTs:                 13  out of   4896     0%  
 Number of IOs:                          16
 Number of bonded IOBs:                  15  out of    108    13%  
 Number of GCLKs:                         1  out of     24     4%  

---------------------------
Partition Resource Summary:
---------------------------

  No Partitions were found in this design.

---------------------------


=========================================================================
TIMING REPORT

NOTE: THESE TIMING NUMBERS ARE ONLY A SYNTHESIS ESTIMATE.
      FOR ACCURATE TIMING INFORMATION PLEASE REFER TO THE TRACE REPORT
      GENERATED AFTER PLACE-and-ROUTE.

Clock Information:
------------------
-----------------------------------+------------------------+-------+
Clock Signal                       | Clock buffer(FF name)  | Load  |
-----------------------------------+------------------------+-------+
clk                                | BUFGP                  | 6     |
-----------------------------------+------------------------+-------+

Asynchronous Control Signals Information:
----------------------------------------
No asynchronous control signals found in this design

Timing Summary:
---------------
Speed Grade: -4

   Minimum period: 4.313ns (Maximum Frequency: 231.857MHz)
   Minimum input arrival time before clock: 5.036ns
   Maximum output required time after clock: 5.831ns
   Maximum combinational path delay: No path found

Timing Detail:
--------------
All values displayed in nanoseconds (ns)

=========================================================================
Timing constraint: Default period analysis for Clock 'clk'
  Clock period: 4.313ns (frequency: 231.857MHz)
  Total number of paths / destination ports: 29 / 10
-------------------------------------------------------------------------
Delay:               4.313ns (Levels of Logic = 2)
  Source:            einerBCD/q_1 (FF)
  Destination:       einerBCD/q_0 (FF)
  Source Clock:      clk rising
  Destination Clock: clk rising

  Data Path: einerBCD/q_1 to einerBCD/q_0
                                Gate     Net
    Cell:in->out      fanout   Delay   Delay  Logical Name (Net Name)
    ----------------------------------------  ------------
     FDRE:C->Q             5   0.591   0.712  einerBCD/q_1 (einerBCD/q_1)
     LUT3_L:I1->LO         1   0.704   0.104  einerBCD/q_or0000_SW0 (N2)
     LUT4:I3->O            4   0.704   0.587  einerBCD/q_or0000 (einerBCD/q_or0000)
     FDRE:R                    0.911          einerBCD/q_0
    ----------------------------------------
    Total                      4.313ns (2.910ns logic, 1.403ns route)
                                       (67.5% logic, 32.5% route)

=========================================================================
Timing constraint: Default OFFSET IN BEFORE for Clock 'clk'
  Total number of paths / destination ports: 14 / 10
-------------------------------------------------------------------------
Offset:              5.036ns (Levels of Logic = 3)
  Source:            bt<1> (PAD)
  Destination:       einerBCD/q_0 (FF)
  Destination Clock: clk rising

  Data Path: bt<1> to einerBCD/q_0
                                Gate     Net
    Cell:in->out      fanout   Delay   Delay  Logical Name (Net Name)
    ----------------------------------------  ------------
     IBUF:I->O             5   1.218   0.808  bt_1_IBUF (bt_1_IBUF)
     LUT3_L:I0->LO         1   0.704   0.104  einerBCD/q_or0000_SW0 (N2)
     LUT4:I3->O            4   0.704   0.587  einerBCD/q_or0000 (einerBCD/q_or0000)
     FDRE:R                    0.911          einerBCD/q_0
    ----------------------------------------
    Total                      5.036ns (3.537ns logic, 1.499ns route)
                                       (70.2% logic, 29.8% route)

=========================================================================
Timing constraint: Default OFFSET OUT AFTER for Clock 'clk'
  Total number of paths / destination ports: 12 / 5
-------------------------------------------------------------------------
Offset:              5.831ns (Levels of Logic = 2)
  Source:            Meincnt3/q_0 (FF)
  Destination:       dig_n<3> (PAD)
  Source Clock:      clk rising

  Data Path: Meincnt3/q_0 to dig_n<3>
                                Gate     Net
    Cell:in->out      fanout   Delay   Delay  Logical Name (Net Name)
    ----------------------------------------  ------------
     FDR:C->Q              6   0.591   0.844  Meincnt3/q_0 (Meincnt3/q_0)
     LUT2:I0->O            1   0.704   0.420  dig_n<3>1 (dig_n_3_OBUF)
     OBUF:I->O                 3.272          dig_n_3_OBUF (dig_n<3>)
    ----------------------------------------
    Total                      5.831ns (4.567ns logic, 1.264ns route)
                                       (78.3% logic, 21.7% route)

=========================================================================


Total REAL time to Xst completion: 4.00 secs
Total CPU time to Xst completion: 4.02 secs
 
--> 

Total memory usage is 289804 kilobytes

Number of errors   :    0 (   0 filtered)
Number of warnings :   10 (   0 filtered)
Number of infos    :    0 (   0 filtered)

